2022-05-31 16:13:21 DEBUG __init__.py(35)[<module>] app.secret_key: b'\xb4\xb7x\x08\x91\x89@X\x9e\xf8\x01\xcch2\x82]'
2022-05-31 16:13:21 DEBUG __init__.py(36)[<module>] <Config {'ENV': 'production', 'DEBUG': False, 'TESTING': False, 'PROPAGATE_EXCEPTIONS': None, 'PRESERVE_CONTEXT_ON_EXCEPTION': None, 'SECRET_KEY': b'\xb4\xb7x\x08\x91\x89@X\x9e\xf8\x01\xcch2\x82]', 'PERMANENT_SESSION_LIFETIME': datetime.timedelta(days=31), 'USE_X_SENDFILE': False, 'SERVER_NAME': 'Dell-T7500.local:5000', 'APPLICATION_ROOT': '/plot_weather', 'SESSION_COOKIE_NAME': 'session', 'SESSION_COOKIE_DOMAIN': None, 'SESSION_COOKIE_PATH': None, 'SESSION_COOKIE_HTTPONLY': True, 'SESSION_COOKIE_SECURE': False, 'SESSION_COOKIE_SAMESITE': None, 'SESSION_REFRESH_EACH_REQUEST': True, 'MAX_CONTENT_LENGTH': None, 'SEND_FILE_MAX_AGE_DEFAULT': datetime.timedelta(seconds=43200), 'TRAP_BAD_REQUEST_ERRORS': None, 'TRAP_HTTP_EXCEPTIONS': False, 'EXPLAIN_TEMPLATE_LOADING': False, 'PREFERRED_URL_SCHEME': 'http', 'JSON_AS_ASCII': False, 'JSON_SORT_KEYS': True, 'JSONIFY_PRETTYPRINT_REGULAR': False, 'JSONIFY_MIMETYPE': 'application/json', 'TEMPLATES_AUTO_RELOAD': None, 'MAX_COOKIE_SIZE': 4093, 'INFO_TODAY_UPDATE_INTERVAL': '本日データの更新は１０分間隔', 'STR_TODAY': '本日', 'TITLE_SUFFIX': 'データ表示', 'REQUEST_HEADER': 'X-PLOT-WWEATHER-TOKEN', 'REQUEST_KEY_WITH_PC': 'mvyx16uEZ8Up39WHm1Vs2PJENPW7Q-xOGH-KZ6mzD079CG5BUCMR0hMjGvXRbDB6QHu0V9tAPxI2GJQatCdyrw', 'REQUEST_KEY_WITH_PHONE_': 'DwBEEeF3UirKeSj6H5Uh0BMSqT1U25hprsxblyJDYtU'}>
2022-05-31 16:13:25 INFO run.py(15)[<module>] run.py in host: Dell-T7500.local, port: 5000
2022-05-31 16:13:25 INFO run.py(30)[<module>] Development start, with debug.
2022-05-31 16:13:25 DEBUG __init__.py(35)[<module>] app.secret_key: b'\x90\xefTy\xf2\xc0A\x97\x86\x8d\x0c\xd4\x99\xd6\xfd\n'
2022-05-31 16:13:25 DEBUG __init__.py(36)[<module>] <Config {'ENV': 'production', 'DEBUG': False, 'TESTING': False, 'PROPAGATE_EXCEPTIONS': None, 'PRESERVE_CONTEXT_ON_EXCEPTION': None, 'SECRET_KEY': b'\x90\xefTy\xf2\xc0A\x97\x86\x8d\x0c\xd4\x99\xd6\xfd\n', 'PERMANENT_SESSION_LIFETIME': datetime.timedelta(days=31), 'USE_X_SENDFILE': False, 'SERVER_NAME': 'Dell-T7500.local:5000', 'APPLICATION_ROOT': '/plot_weather', 'SESSION_COOKIE_NAME': 'session', 'SESSION_COOKIE_DOMAIN': None, 'SESSION_COOKIE_PATH': None, 'SESSION_COOKIE_HTTPONLY': True, 'SESSION_COOKIE_SECURE': False, 'SESSION_COOKIE_SAMESITE': None, 'SESSION_REFRESH_EACH_REQUEST': True, 'MAX_CONTENT_LENGTH': None, 'SEND_FILE_MAX_AGE_DEFAULT': datetime.timedelta(seconds=43200), 'TRAP_BAD_REQUEST_ERRORS': None, 'TRAP_HTTP_EXCEPTIONS': False, 'EXPLAIN_TEMPLATE_LOADING': False, 'PREFERRED_URL_SCHEME': 'http', 'JSON_AS_ASCII': False, 'JSON_SORT_KEYS': True, 'JSONIFY_PRETTYPRINT_REGULAR': False, 'JSONIFY_MIMETYPE': 'application/json', 'TEMPLATES_AUTO_RELOAD': None, 'MAX_COOKIE_SIZE': 4093, 'INFO_TODAY_UPDATE_INTERVAL': '本日データの更新は１０分間隔', 'STR_TODAY': '本日', 'TITLE_SUFFIX': 'データ表示', 'REQUEST_HEADER': 'X-PLOT-WWEATHER-TOKEN', 'REQUEST_KEY_WITH_PC': 'mvyx16uEZ8Up39WHm1Vs2PJENPW7Q-xOGH-KZ6mzD079CG5BUCMR0hMjGvXRbDB6QHu0V9tAPxI2GJQatCdyrw', 'REQUEST_KEY_WITH_PHONE_': 'DwBEEeF3UirKeSj6H5Uh0BMSqT1U25hprsxblyJDYtU'}>
2022-05-31 16:13:26 INFO run.py(15)[<module>] run.py in host: Dell-T7500.local, port: 5000
2022-05-31 16:13:26 INFO run.py(30)[<module>] Development start, with debug.
2022-05-31 16:13:56 DEBUG weatherdao.py(132)[_getDateGroupByList] tupledlist: [('2022-05',), ('2022-04',), ('2022-03',), ('2022-02',), ('2022-01',), ('2021-12',), ('2021-11',)]
2022-05-31 16:13:56 DEBUG app_main.py(52)[index] yearMonthList:['2022-05', '2022-04', '2022-03', '2022-02', '2022-01', '2021-12', '2021-11']
2022-05-31 16:13:56 DEBUG weatherdbwithpandas.py(49)[getTodayDataFrame] query_params: {'device_name': 'esp8266_1', 'today': 'now'}
2022-05-31 16:13:56 DEBUG plotterweather.py(55)[gen_plotimage]                        measurement_time  temp_out  temp_in  humid  pressure
measurement_time                                                           
2022-05-31 00:09:16 2022-05-31 00:09:16      11.3     20.5   45.3    1006.1
2022-05-31 00:19:01 2022-05-31 00:19:01      11.2     20.5   45.3    1006.0
2022-05-31 00:28:45 2022-05-31 00:28:45      11.0     20.5   45.4    1006.0
2022-05-31 00:38:29 2022-05-31 00:38:29      11.1     20.4   45.5    1005.8
2022-05-31 00:48:14 2022-05-31 00:48:14      11.0     20.4   45.5    1005.7
...                                 ...       ...      ...    ...       ...
2022-05-31 10:32:27 2022-05-31 10:32:27      14.4     21.6   45.9    1003.5
2022-05-31 10:42:11 2022-05-31 10:42:11      13.9     21.7   45.6    1003.5
2022-05-31 10:51:55 2022-05-31 10:51:55      13.5     21.8   45.3    1003.6
2022-05-31 11:01:39 2022-05-31 11:01:39      13.4     21.9   45.1    1003.5
2022-05-31 11:11:24 2022-05-31 11:11:24      13.8     21.9   45.1    1003.5

[69 rows x 5 columns]
2022-05-31 16:13:57 DEBUG app_main.py(33)[close_conn] db:<sqlite3.Connection object at 0x7fbc2d1d3650>
2022-05-31 16:13:57 DEBUG app_main.py(33)[close_conn] db:None
2022-05-31 16:17:09 DEBUG weatherdao.py(132)[_getDateGroupByList] tupledlist: [('2022-05',), ('2022-04',), ('2022-03',), ('2022-02',), ('2022-01',), ('2021-12',), ('2021-11',)]
2022-05-31 16:17:09 DEBUG app_main.py(52)[index] yearMonthList:['2022-05', '2022-04', '2022-03', '2022-02', '2022-01', '2021-12', '2021-11']
2022-05-31 16:17:09 DEBUG weatherdbwithpandas.py(49)[getTodayDataFrame] query_params: {'device_name': 'esp8266_1', 'today': 'now'}
2022-05-31 16:17:09 DEBUG plotterweather.py(55)[gen_plotimage]                        measurement_time  temp_out  temp_in  humid  pressure
measurement_time                                                           
2022-05-31 00:09:16 2022-05-31 00:09:16      11.3     20.5   45.3    1006.1
2022-05-31 00:19:01 2022-05-31 00:19:01      11.2     20.5   45.3    1006.0
2022-05-31 00:28:45 2022-05-31 00:28:45      11.0     20.5   45.4    1006.0
2022-05-31 00:38:29 2022-05-31 00:38:29      11.1     20.4   45.5    1005.8
2022-05-31 00:48:14 2022-05-31 00:48:14      11.0     20.4   45.5    1005.7
...                                 ...       ...      ...    ...       ...
2022-05-31 10:32:27 2022-05-31 10:32:27      14.4     21.6   45.9    1003.5
2022-05-31 10:42:11 2022-05-31 10:42:11      13.9     21.7   45.6    1003.5
2022-05-31 10:51:55 2022-05-31 10:51:55      13.5     21.8   45.3    1003.6
2022-05-31 11:01:39 2022-05-31 11:01:39      13.4     21.9   45.1    1003.5
2022-05-31 11:11:24 2022-05-31 11:11:24      13.8     21.9   45.1    1003.5

[69 rows x 5 columns]
2022-05-31 16:17:10 DEBUG app_main.py(33)[close_conn] db:<sqlite3.Connection object at 0x7fbc288b3f10>
2022-05-31 16:29:31 DEBUG app_main.py(104)[getMonthImage] yearmonth: 202213
2022-05-31 16:29:31 WARNING app_main.py(115)[getMonthImage] 202213-01 is not Date
2022-05-31 16:29:31 DEBUG app_main.py(33)[close_conn] db:None
